2025-02-11 19:45:46,232 - INFO - 开始分析最新数据
2025-02-11 19:45:46,531 - INFO - 成功加载模型
2025-02-11 19:45:46,531 - INFO - 处理 ppg 最新文件: 20250211_192529_ppg.npy
2025-02-11 19:45:46,534 - INFO - 数据形状: (1024,)
2025-02-11 19:45:46,535 - INFO - 预测结果: 0.0
2025-02-11 19:45:46,536 - ERROR - 处理文件 data/ppg/20250211_192529_ppg.npy 时出错: time data '20250211' does not match format '%Y%m%d%H%M%S'
2025-02-11 19:45:46,536 - INFO - 处理 ecg 最新文件: 20250211_194017_ecg.npy
2025-02-11 19:45:46,536 - INFO - 数据形状: (1024,)
2025-02-11 19:45:46,537 - INFO - 预测结果: 2.0
2025-02-11 19:45:46,537 - ERROR - 处理文件 data/ecg/20250211_194017_ecg.npy 时出错: time data '20250211' does not match format '%Y%m%d%H%M%S'
2025-02-11 19:45:46,537 - INFO - 处理 gsr 最新文件: 20250211_194514_gsr.npy
2025-02-11 19:45:46,537 - INFO - 数据形状: (1024,)
2025-02-11 19:45:46,538 - INFO - 预测结果: 0.0
2025-02-11 19:45:46,538 - ERROR - 处理文件 data/gsr/20250211_194514_gsr.npy 时出错: time data '20250211' does not match format '%Y%m%d%H%M%S'
2025-02-11 19:45:46,538 - WARNING - 没有找到需要分析的新数据
2025-02-11 19:59:13,724 - INFO - 开始分析最新数据
2025-02-11 19:59:14,045 - INFO - 成功加载模型
2025-02-11 19:59:14,046 - INFO - 处理 ppg 最新文件: 20250211_192529_ppg.npy
2025-02-11 19:59:14,049 - INFO - 数据形状: (1024,)
2025-02-11 19:59:14,050 - INFO - 预测结果: 平静 (标签 0.0)
2025-02-11 19:59:14,051 - ERROR - 处理文件 data/ppg/20250211_192529_ppg.npy 时出错: time data '20250211' does not match format '%Y%m%d%H%M%S'
2025-02-11 19:59:14,051 - INFO - 处理 ecg 最新文件: 20250211_194017_ecg.npy
2025-02-11 19:59:14,051 - INFO - 数据形状: (1024,)
2025-02-11 19:59:14,052 - INFO - 预测结果: 亢奋 (标签 2.0)
2025-02-11 19:59:14,052 - ERROR - 处理文件 data/ecg/20250211_194017_ecg.npy 时出错: time data '20250211' does not match format '%Y%m%d%H%M%S'
2025-02-11 19:59:14,052 - INFO - 处理 gsr 最新文件: 20250211_194514_gsr.npy
2025-02-11 19:59:14,053 - INFO - 数据形状: (1024,)
2025-02-11 19:59:14,053 - INFO - 预测结果: 平静 (标签 0.0)
2025-02-11 19:59:14,054 - ERROR - 处理文件 data/gsr/20250211_194514_gsr.npy 时出错: time data '20250211' does not match format '%Y%m%d%H%M%S'
2025-02-11 19:59:14,054 - WARNING - 没有找到需要分析的新数据
2025-02-11 20:05:57,908 - INFO - 开始分析最新数据
2025-02-11 20:05:58,217 - INFO - 成功加载模型
2025-02-11 20:05:58,217 - INFO - 处理 ppg 最新文件: 20250211_192529_ppg.npy
2025-02-11 20:05:58,220 - INFO - 数据形状: (1024,)
2025-02-11 20:05:58,221 - INFO - 预测结果: 平静 (标签 0.0)
2025-02-11 20:05:58,222 - ERROR - 处理文件 data/ppg/20250211_192529_ppg.npy 时出错: time data '20250211' does not match format '%Y%m%d%H%M%S'
2025-02-11 20:05:58,222 - INFO - 处理 ecg 最新文件: 20250211_194017_ecg.npy
2025-02-11 20:05:58,222 - INFO - 数据形状: (1024,)
2025-02-11 20:05:58,223 - INFO - 预测结果: 亢奋 (标签 2.0)
2025-02-11 20:05:58,223 - ERROR - 处理文件 data/ecg/20250211_194017_ecg.npy 时出错: time data '20250211' does not match format '%Y%m%d%H%M%S'
2025-02-11 20:05:58,223 - INFO - 处理 gsr 最新文件: 20250211_194514_gsr.npy
2025-02-11 20:05:58,223 - INFO - 数据形状: (1024,)
2025-02-11 20:05:58,224 - INFO - 预测结果: 平静 (标签 0.0)
2025-02-11 20:05:58,224 - ERROR - 处理文件 data/gsr/20250211_194514_gsr.npy 时出错: time data '20250211' does not match format '%Y%m%d%H%M%S'
2025-02-11 20:05:58,224 - WARNING - 没有找到需要分析的新数据
